-outxml
-source
1.7
-target
1.7
-classpath
/Users/Quark/.m2/repository/aopalliance/aopalliance/1.0/aopalliance-1.0.jar:/Users/Quark/.m2/repository/com/fasterxml/jackson/core/jackson-annotations/2.5.0/jackson-annotations-2.5.0.jar:/Users/Quark/.m2/repository/com/fasterxml/jackson/core/jackson-core/2.5.3/jackson-core-2.5.3.jar:/Users/Quark/.m2/repository/com/fasterxml/jackson/core/jackson-databind/2.5.3/jackson-databind-2.5.3.jar:/Users/Quark/.m2/repository/com/jayway/jsonpath/json-path/0.8.1/json-path-0.8.1.jar:/Users/Quark/.m2/repository/com/rometools/rome/1.5.0/rome-1.5.0.jar:/Users/Quark/.m2/repository/com/rometools/rome-utils/1.5.0/rome-utils-1.5.0.jar:/Users/Quark/.m2/repository/commons-fileupload/commons-fileupload/1.2.2/commons-fileupload-1.2.2.jar:/Users/Quark/.m2/repository/commons-io/commons-io/2.0.1/commons-io-2.0.1.jar:/Users/Quark/.m2/repository/javax/inject/javax.inject/1/javax.inject-1.jar:/Users/Quark/.m2/repository/javax/servlet/jsp/jsp-api/2.1/jsp-api-2.1.jar:/Users/Quark/.m2/repository/javax/servlet/jsp/jstl/jstl-api/1.2/jstl-api-1.2.jar:/Users/Quark/.m2/repository/javax/validation/validation-api/1.0.0.GA/validation-api-1.0.0.GA.jar:/Users/Quark/.m2/repository/joda-time/joda-time/2.3/joda-time-2.3.jar:/Users/Quark/.m2/repository/junit/junit/4.11/junit-4.11.jar:/Users/Quark/.m2/repository/log4j/log4j/1.2.16/log4j-1.2.16.jar:/Users/Quark/.m2/repository/org/apache/tomcat/tomcat-servlet-api/7.0.30/tomcat-servlet-api-7.0.30.jar:/Users/Quark/.m2/repository/org/aspectj/aspectjrt/1.8.1/aspectjrt-1.8.1.jar:/Users/Quark/.m2/repository/org/glassfish/web/jstl-impl/1.2/jstl-impl-1.2.jar:/Users/Quark/.m2/repository/org/hamcrest/hamcrest-library/1.3/hamcrest-library-1.3.jar:/Users/Quark/.m2/repository/org/hibernate/hibernate-validator/4.1.0.Final/hibernate-validator-4.1.0.Final.jar:/Users/Quark/.m2/repository/org/jdom/jdom/2.0.2/jdom-2.0.2.jar:/Users/Quark/.m2/repository/org/slf4j/jcl-over-slf4j/1.7.12/jcl-over-slf4j-1.7.12.jar:/Users/Quark/.m2/repository/org/slf4j/slf4j-api/1.7.12/slf4j-api-1.7.12.jar:/Users/Quark/.m2/repository/org/slf4j/slf4j-log4j12/1.7.12/slf4j-log4j12-1.7.12.jar:/Users/Quark/.m2/repository/org/springframework/spring-aop/4.2.2.RELEASE/spring-aop-4.2.2.RELEASE.jar:/Users/Quark/.m2/repository/org/springframework/spring-beans/4.2.2.RELEASE/spring-beans-4.2.2.RELEASE.jar:/Users/Quark/.m2/repository/org/springframework/spring-context/4.2.2.RELEASE/spring-context-4.2.2.RELEASE.jar:/Users/Quark/.m2/repository/org/springframework/spring-core/4.2.2.RELEASE/spring-core-4.2.2.RELEASE.jar:/Users/Quark/.m2/repository/org/springframework/spring-expression/4.2.2.RELEASE/spring-expression-4.2.2.RELEASE.jar:/Users/Quark/.m2/repository/org/springframework/spring-test/4.2.2.RELEASE/spring-test-4.2.2.RELEASE.jar:/Users/Quark/.m2/repository/org/springframework/spring-web/4.2.2.RELEASE/spring-web-4.2.2.RELEASE.jar:/Users/Quark/.m2/repository/org/springframework/spring-webmvc/4.2.2.RELEASE/spring-webmvc-4.2.2.RELEASE.jar:/Users/Quark/.m2/repository/org/springframework/security/spring-security-core/4.0.1.RELEASE/spring-security-core-4.0.1.RELEASE.jar:/Users/Quark/.m2/repository/org/springframework/security/spring-security-web/4.0.1.RELEASE/spring-security-web-4.0.1.RELEASE.jar:/Users/Quark/.m2/repository/xmlunit/xmlunit/1.2/xmlunit-1.2.jar:/Users/Quark/Downloads/pollpool/target/classes
-d
/Users/Quark/Downloads/pollpool/target/classes
/Users/Quark/Downloads/pollpool/src/main/java/org/springframework/samples/mvc/response/ResponseController.java
/Users/Quark/Downloads/pollpool/src/main/java/org/springframework/samples/mvc/form/InquiryType.java
/Users/Quark/Downloads/pollpool/src/main/java/org/springframework/samples/mvc/convert/NestedBean.java
/Users/Quark/Downloads/pollpool/src/main/java/org/springframework/samples/mvc/convert/JavaBean.java
/Users/Quark/Downloads/pollpool/src/main/java/org/springframework/samples/mvc/redirect/RedirectController.java
/Users/Quark/Downloads/pollpool/src/main/java/org/springframework/samples/mvc/data/standard/StandardArgumentsController.java
/Users/Quark/Downloads/pollpool/src/main/java/org/springframework/samples/mvc/messageconverters/JavaBean.java
/Users/Quark/Downloads/pollpool/src/main/java/org/springframework/samples/mvc/data/custom/CustomArgumentResolver.java
/Users/Quark/Downloads/pollpool/src/main/java/org/springframework/samples/mvc/exceptions/ExceptionController.java
/Users/Quark/Downloads/pollpool/src/main/java/org/springframework/samples/mvc/async/CallableController.java
/Users/Quark/Downloads/pollpool/src/main/java/org/springframework/samples/mvc/async/TimeoutCallableProcessingInterceptor.java
/Users/Quark/Downloads/pollpool/src/main/java/org/springframework/samples/mvc/form/FormBean.java
/Users/Quark/Downloads/pollpool/src/main/java/org/springframework/mvc/extensions/ajax/AjaxUtils.java
/Users/Quark/Downloads/pollpool/src/main/java/org/springframework/samples/mvc/convert/SocialSecurityNumber.java
/Users/Quark/Downloads/pollpool/src/main/java/org/springframework/pollpool/home/PollPoolHomeController.java
/Users/Quark/Downloads/pollpool/src/main/java/org/springframework/samples/mvc/convert/MaskFormatAnnotationFormatterFactory.java
/Users/Quark/Downloads/pollpool/src/main/java/org/springframework/samples/mvc/fileupload/FileUploadController.java
/Users/Quark/Downloads/pollpool/src/main/java/org/springframework/samples/mvc/simple/SimpleController.java
/Users/Quark/Downloads/pollpool/src/main/java/org/springframework/samples/mvc/views/JavaBean.java
/Users/Quark/Downloads/pollpool/src/main/java/org/springframework/samples/mvc/simple/SimpleControllerRevisited.java
/Users/Quark/Downloads/pollpool/src/main/java/org/springframework/samples/mvc/convert/ConvertController.java
/Users/Quark/Downloads/pollpool/src/main/java/org/springframework/samples/mvc/async/JavaBean.java
/Users/Quark/Downloads/pollpool/src/main/java/org/springframework/samples/mvc/data/RequestDataController.java
/Users/Quark/Downloads/pollpool/src/main/java/org/springframework/samples/mvc/views/ViewsController.java
/Users/Quark/Downloads/pollpool/src/main/java/org/springframework/samples/mvc/convert/MaskFormat.java
/Users/Quark/Downloads/pollpool/src/main/java/org/springframework/samples/mvc/validation/ValidationController.java
/Users/Quark/Downloads/pollpool/src/main/java/org/springframework/samples/mvc/mapping/JavaBean.java
/Users/Quark/Downloads/pollpool/src/main/java/org/springframework/samples/mvc/mapping/ClasslevelMappingController.java
/Users/Quark/Downloads/pollpool/src/main/java/org/springframework/samples/mvc/data/custom/CustomArgumentController.java
/Users/Quark/Downloads/pollpool/src/main/java/org/springframework/samples/mvc/data/JavaBean.java
/Users/Quark/Downloads/pollpool/src/main/java/org/springframework/samples/mvc/exceptions/BusinessException.java
/Users/Quark/Downloads/pollpool/src/main/java/org/springframework/samples/mvc/messageconverters/MessageConvertersController.java
/Users/Quark/Downloads/pollpool/src/main/java/org/springframework/samples/mvc/async/DeferredResultController.java
/Users/Quark/Downloads/pollpool/src/main/java/org/springframework/samples/mvc/validation/JavaBean.java
/Users/Quark/Downloads/pollpool/src/main/java/org/springframework/samples/mvc/mapping/MappingController.java
/Users/Quark/Downloads/pollpool/src/main/java/org/springframework/samples/mvc/form/FormController.java
/Users/Quark/Downloads/pollpool/src/main/java/org/springframework/samples/mvc/data/custom/RequestAttribute.java
/Users/Quark/Downloads/pollpool/src/main/java/org/springframework/samples/mvc/exceptions/GlobalExceptionHandler.java
